<?xml version="1.0" encoding="UTF-8"?>
<!-- Generated by org.testng.reporters.JUnitReportReporter -->
<testsuite hostname="m-wpxmv2cyh5" failures="0" tests="2" name="cucumber.runner.CucumberTestNGRunner" time="36.571" errors="0" timestamp="2024-04-29T20:04:16 IST" skipped="0">
  <testcase classname="cucumber.runner.CucumberTestNGRunner" name="runScenario" time="18.000"/>
  <testcase classname="cucumber.runner.CucumberTestNGRunner" name="runScenario" time="18.571"/>
</testsuite> <!-- cucumber.runner.CucumberTestNGRunner -->
