<?xml version="1.0" encoding="UTF-8"?>
<!-- Generated by org.testng.reporters.JUnitReportReporter -->
<testsuite hostname="m-wpxmv2cyh5" failures="0" tests="1" name="cucumber.runner.CucumberTestNGRunner" time="19.219" errors="0" timestamp="2024-04-30T11:39:06 IST" skipped="0">
  <testcase classname="cucumber.runner.CucumberTestNGRunner" name="runScenario" time="19.219"/>
</testsuite> <!-- cucumber.runner.CucumberTestNGRunner -->
