<?xml version="1.0" encoding="UTF-8"?>
<!-- Generated by org.testng.reporters.JUnitReportReporter -->
<testsuite hostname="m-wpxmv2cyh5" failures="0" tests="1" name="cucumber.runner.TestCucumberTestNGRunner" time="26.149" errors="0" timestamp="2024-04-30T19:09:38 IST" skipped="0">
  <testcase classname="cucumber.runner.TestCucumberTestNGRunner" name="runScenario" time="26.149"/>
</testsuite> <!-- cucumber.runner.TestCucumberTestNGRunner -->
