<?xml version="1.0" encoding="UTF-8"?>
<!-- Generated by org.testng.reporters.JUnitReportReporter -->
<testsuite hostname="m-wpxmv2cyh5" failures="0" tests="1" name="cucumber.runner.CucumberTestNGRunner" time="17.695" errors="0" timestamp="2024-04-30T17:05:40 IST" skipped="0">
  <testcase classname="cucumber.runner.CucumberTestNGRunner" name="runScenario" time="17.695"/>
</testsuite> <!-- cucumber.runner.CucumberTestNGRunner -->
